{"sessionId":"7c9114","runId":"config-load","hypothesisId":"B","location":"next.config.ts","message":"next.config root pins","data":{"projectRoot":"C:\\Users\\skinn\\OneDrive\\Documents\\programs\\peer","cwd":"C:\\Users\\skinn\\OneDrive\\Documents\\programs\\peer"},"timestamp":1781729132400}
{"sessionId":"7c9114","runId":"config-load","hypothesisId":"C","location":"next.config.ts","message":"initOpenNextCloudflareForDev finished","data":{"durationMs":1049,"rssMb":375,"rssDeltaMb":284},"timestamp":1781729133450}
{"sessionId":"7c9114","runId":"diagnose","hypothesisId":"A","location":"scripts/diagnose-dev-memory.mjs","message":"postcss worker snapshot","data":{"postcssWorkerCount":0,"postcssMemMb":0,"totalNodeProcesses":7,"totalNodeMemMb":1511,"peerRelatedNodeProcesses":3,"parentProcessCounts":{},"sampleCommandLines":[]},"timestamp":1781729140350}
{"sessionId":"7c9114","runId":"diagnose","hypothesisId":"B","location":"scripts/diagnose-dev-memory.mjs","message":"ancestor lockfile check","data":{"homeHasPackageLock":false,"homeHasPackageJson":false,"homeHasNodeModules":false,"projectPath":"c:\\Users\\skinn\\OneDrive\\Documents\\programs\\peer"},"timestamp":1781729140351}
{"sessionId":"7c9114","runId":"diagnose","hypothesisId":"A","location":"scripts/diagnose-dev-memory.mjs","message":"postcss worker snapshot","data":{"postcssWorkerCount":1,"postcssMemMb":84,"totalNodeProcesses":8,"totalNodeMemMb":2032,"peerRelatedNodeProcesses":4,"parentProcessCounts":{"9604":1},"sampleCommandLines":["\"node\" C:\\Users\\skinn\\OneDrive\\Documents\\programs\\peer\\.next\\dev\\build\\postcss.js 61832"]},"timestamp":1781729156245}
{"sessionId":"7c9114","runId":"diagnose","hypothesisId":"B","location":"scripts/diagnose-dev-memory.mjs","message":"ancestor lockfile check","data":{"homeHasPackageLock":false,"homeHasPackageJson":false,"homeHasNodeModules":false,"projectPath":"c:\\Users\\skinn\\OneDrive\\Documents\\programs\\peer"},"timestamp":1781729156246}
{"sessionId":"7c9114","runId":"diagnose","hypothesisId":"A","location":"scripts/diagnose-dev-memory.mjs","message":"postcss worker snapshot","data":{"postcssWorkerCount":1,"postcssMemMb":70,"totalNodeProcesses":8,"totalNodeMemMb":1842,"peerRelatedNodeProcesses":4,"parentProcessCounts":{"9604":1},"sampleCommandLines":["\"node\" C:\\Users\\skinn\\OneDrive\\Documents\\programs\\peer\\.next\\dev\\build\\postcss.js 61832"]},"timestamp":1781729177126}
{"sessionId":"7c9114","runId":"diagnose","hypothesisId":"B","location":"scripts/diagnose-dev-memory.mjs","message":"ancestor lockfile check","data":{"homeHasPackageLock":false,"homeHasPackageJson":false,"homeHasNodeModules":false,"projectPath":"c:\\Users\\skinn\\OneDrive\\Documents\\programs\\peer"},"timestamp":1781729177128}
{"sessionId":"7c9114","runId":"diagnose","hypothesisId":"A","location":"scripts/diagnose-dev-memory.mjs","message":"postcss worker snapshot","data":{"postcssWorkerCount":1,"postcssMemMb":70,"totalNodeProcesses":8,"totalNodeMemMb":1860,"peerRelatedNodeProcesses":4,"parentProcessCounts":{"9604":1},"sampleCommandLines":["\"node\" C:\\Users\\skinn\\OneDrive\\Documents\\programs\\peer\\.next\\dev\\build\\postcss.js 61832"]},"timestamp":1781729186603}
{"sessionId":"7c9114","runId":"diagnose","hypothesisId":"B","location":"scripts/diagnose-dev-memory.mjs","message":"ancestor lockfile check","data":{"homeHasPackageLock":false,"homeHasPackageJson":false,"homeHasNodeModules":false,"projectPath":"c:\\Users\\skinn\\OneDrive\\Documents\\programs\\peer"},"timestamp":1781729186604}
{"sessionId":"7c9114","runId":"config-load","hypothesisId":"B","location":"next.config.ts","message":"next.config root pins","data":{"projectRoot":"C:\\Users\\skinn\\OneDrive\\Documents\\programs\\peer","cwd":"C:\\Users\\skinn\\OneDrive\\Documents\\programs\\peer"},"timestamp":1781729206450}
{"sessionId":"7c9114","runId":"config-load","hypothesisId":"C","location":"next.config.ts","message":"initOpenNextCloudflareForDev finished","data":{"durationMs":888,"rssMb":308,"rssDeltaMb":213},"timestamp":1781729207339}
{"sessionId":"7c9114","runId":"config-load","hypothesisId":"B","location":"next.config.ts","message":"next.config root pins","data":{"projectRoot":"C:\\Users\\skinn\\OneDrive\\Documents\\programs\\peer","cwd":"C:\\Users\\skinn\\OneDrive\\Documents\\programs\\peer"},"timestamp":1781729208278}
{"sessionId":"7c9114","runId":"config-load","hypothesisId":"C","location":"next.config.ts","message":"initOpenNextCloudflareForDev finished","data":{"durationMs":1,"rssMb":81,"rssDeltaMb":0},"timestamp":1781729208279}
{"sessionId":"7c9114","runId":"config-load","hypothesisId":"B","location":"next.config.ts","message":"next.config root pins","data":{"projectRoot":"C:\\Users\\skinn\\OneDrive\\Documents\\programs\\peer","cwd":"C:\\Users\\skinn\\OneDrive\\Documents\\programs\\peer"},"timestamp":1781729221526}
{"sessionId":"7c9114","runId":"config-load","hypothesisId":"C","location":"next.config.ts","message":"initOpenNextCloudflareForDev finished","data":{"durationMs":0,"rssMb":74,"rssDeltaMb":0},"timestamp":1781729221526}
{"sessionId":"7c9114","runId":"config-load","hypothesisId":"B","location":"next.config.ts","message":"next.config root pins","data":{"projectRoot":"C:\\Users\\skinn\\OneDrive\\Documents\\programs\\peer","cwd":"C:\\Users\\skinn\\OneDrive\\Documents\\programs\\peer"},"timestamp":1781729224551}
{"sessionId":"7c9114","runId":"config-load","hypothesisId":"C","location":"next.config.ts","message":"initOpenNextCloudflareForDev finished","data":{"durationMs":1057,"rssMb":503,"rssDeltaMb":412},"timestamp":1781729225608}
{"sessionId":"7c9114","runId":"config-load","hypothesisId":"B","location":"next.config.ts","message":"next.config root pins","data":{"projectRoot":"C:\\Users\\skinn\\OneDrive\\Documents\\programs\\peer","cwd":"C:\\Users\\skinn\\OneDrive\\Documents\\programs\\peer"},"timestamp":1781729257795}
{"sessionId":"7c9114","runId":"config-load","hypothesisId":"C","location":"next.config.ts","message":"initOpenNextCloudflareForDev finished","data":{"durationMs":0,"rssMb":74,"rssDeltaMb":0},"timestamp":1781729257795}
{"sessionId":"7c9114","runId":"config-load","hypothesisId":"B","location":"next.config.ts","message":"next.config root pins","data":{"projectRoot":"C:\\Users\\skinn\\OneDrive\\Documents\\programs\\peer","cwd":"C:\\Users\\skinn\\OneDrive\\Documents\\programs\\peer"},"timestamp":1781729402095}
{"sessionId":"7c9114","runId":"config-load","hypothesisId":"B","location":"next.config.ts","message":"next.config root pins","data":{"projectRoot":"C:\\Users\\skinn\\OneDrive\\Documents\\programs\\peer","cwd":"C:\\Users\\skinn\\OneDrive\\Documents\\programs\\peer"},"timestamp":1781729402861}
{"sessionId":"7c9114","runId":"config-load","hypothesisId":"C","location":"next.config.ts","message":"initOpenNextCloudflareForDev finished","data":{"durationMs":0,"rssMb":309,"rssDeltaMb":0},"timestamp":1781729402861}
{"sessionId":"7c9114","runId":"config-load","hypothesisId":"C","location":"next.config.ts","message":"initOpenNextCloudflareForDev finished","data":{"durationMs":795,"rssMb":367,"rssDeltaMb":270},"timestamp":1781729402890}
{"sessionId":"7c9114","runId":"config-load","hypothesisId":"B","location":"next.config.ts","message":"next.config root pins","data":{"projectRoot":"C:\\Users\\skinn\\OneDrive\\Documents\\programs\\peer","cwd":"C:\\Users\\skinn\\OneDrive\\Documents\\programs\\peer"},"timestamp":1781729686803}
{"sessionId":"7c9114","runId":"config-load","hypothesisId":"B","location":"next.config.ts","message":"next.config root pins","data":{"projectRoot":"C:\\Users\\skinn\\OneDrive\\Documents\\programs\\peer","cwd":"C:\\Users\\skinn\\OneDrive\\Documents\\programs\\peer"},"timestamp":1781729687854}
{"sessionId":"7c9114","runId":"config-load","hypothesisId":"C","location":"next.config.ts","message":"initOpenNextCloudflareForDev finished","data":{"durationMs":1,"rssMb":330,"rssDeltaMb":0},"timestamp":1781729687855}
{"sessionId":"7c9114","runId":"config-load","hypothesisId":"C","location":"next.config.ts","message":"initOpenNextCloudflareForDev finished","data":{"durationMs":1064,"rssMb":347,"rssDeltaMb":250},"timestamp":1781729687868}
{"sessionId":"7c9114","runId":"config-load","hypothesisId":"B","location":"next.config.ts","message":"next.config root pins","data":{"projectRoot":"C:\\Users\\skinn\\OneDrive\\Documents\\programs\\peer","cwd":"C:\\Users\\skinn\\OneDrive\\Documents\\programs\\peer"},"timestamp":1781729949082}
{"sessionId":"7c9114","runId":"config-load","hypothesisId":"B","location":"next.config.ts","message":"next.config root pins","data":{"projectRoot":"C:\\Users\\skinn\\OneDrive\\Documents\\programs\\peer","cwd":"C:\\Users\\skinn\\OneDrive\\Documents\\programs\\peer"},"timestamp":1781729950114}
{"sessionId":"7c9114","runId":"config-load","hypothesisId":"C","location":"next.config.ts","message":"initOpenNextCloudflareForDev finished","data":{"durationMs":0,"rssMb":330,"rssDeltaMb":0},"timestamp":1781729950115}
{"sessionId":"7c9114","runId":"config-load","hypothesisId":"C","location":"next.config.ts","message":"initOpenNextCloudflareForDev finished","data":{"durationMs":1050,"rssMb":383,"rssDeltaMb":284},"timestamp":1781729950132}
